==============================
ClassTypeParam
==============================
Starting phase methodannotation ...
Starting phase callgraph ...
Running with the following options ...
Analysis: TCA
Special handling for calls via "super": true
Special handling for calls via "this": true
Applying assertions: true
Finished methodannotation in 0.88 seconds.
Items in work list: 2
======================================
Instantiated types
tests.tca.ClassTypeParam.type
tests.tca.ClassTypeParam.Parser[Int]
Concretization
(type T,Set(Int))
Call sites
tests.tca.ClassTypeParam.type :: method parseAll
tests.tca.ClassTypeParam.Parser[Int] :: constructor Parser
tests.tca.ClassTypeParam.type :: method parseAll
tests.tca.ClassTypeParam.type :: constructor Object
scala.Predef.type :: method println
======================================
	Found 5 new call sites
	Found 2 new instantiated types
Items in work list: 4
======================================
Instantiated types
Concretization
(type T,Set(Int))
Call sites
p.type :: method parse
Parser.super.type :: constructor Object
p.type :: method parse
======================================
	Found 3 new call sites
Finished callgraph in 0.92 seconds.
Performing assertions...
Expected reachables: <tests.tca.ClassTypeParam: parseAll([T]p: tests.tca.ClassTypeParam.Parser[T])>, <tests.tca.ClassTypeParam.Parser: parse([T])>
Reachable methods: <tests.tca.ClassTypeParam: parseAll([T]p: tests.tca.ClassTypeParam.Parser[T])>, <scala.Predef: println(x: Any)>, <tests.tca.ClassTypeParam: <init>()>, <tests.tca.ClassTypeParam: main(args: Array[String])>, <tests.tca.ClassTypeParam.Parser: <init>()>, <java.lang.Object: <init>()>
error: uncaught exception during compilation: java.lang.AssertionError
java.lang.AssertionError: assertion failed: 
     while compiling: src/ca/uwaterloo/scalacg/annotation/invocations.scala
        during phase: callgraph
     library version: version 2.10.3
    compiler version: version 2.10.3
  reconstructed args: -Xplugin:jar/callgraph-plugin.jar -P:callgraph:this -P:callgraph:super -P:callgraph:assert -nowarn -d junit/bin

  last tree to typer: Literal(Constant(()))
              symbol: null
   symbol definition: null
                 tpe: Unit
       symbol owners: 
      context owners: class invocations -> package annotation

== Enclosing template or block ==

Template( // val <local invocations>: <notype> in class invocations, tree.tpe=ca.uwaterloo.scalacg.annotation.invocations
  "scala.annotation.Annotation", "scala.annotation.StaticAnnotation" // parents
  ValDef(
    private
    "_"
    <tpt>
    <empty>
  )
  // 2 statements
  ValDef( // private[this] val names: Seq[String] in class invocations
    private <local> <paramaccessor>
    "names"
    <tpt> // tree.tpe=Seq[String]
    <empty>
  )
  DefDef( // def <init>(names: Seq[String]): ca.uwaterloo.scalacg.annotation.invocations in class invocations
    <method> @{ ca.uwaterloo.scalacg.annotation.MethodUIDvalue = 8 }
    "<init>"
    []
    // 1 parameter list
    ValDef( // names: Seq[String]
      <param> <paramaccessor>
      "names"
      <tpt> // tree.tpe=Seq[String]
      <empty>
    )
    <tpt> // tree.tpe=ca.uwaterloo.scalacg.annotation.invocations
    Block( // tree.tpe=Unit
      Apply( // def <init>(): scala.annotation.Annotation in class Annotation, tree.tpe=scala.annotation.Annotation
        invocations.super."<init>" // def <init>(): scala.annotation.Annotation in class Annotation, tree.tpe=()scala.annotation.Annotation
        Nil
      )
      ()
    )
  )
)

== Expanded type of tree ==

TypeRef(TypeSymbol(final abstract class Unit extends AnyVal))

Some methods are annotated with @reachable, but are not reachable in the call graph.
<tests.tca.ClassTypeParam.Parser: parse([T])>
	at scala.Predef$.assert(Predef.scala:179)
	at scala.tools.nsc.Global.assert(Global.scala:239)
	at ca.uwaterloo.scalacg.util.Assertions$class.assertReachables(Assertions.scala:27)
	at ca.uwaterloo.scalacg.plugin.CallGraphPlugin$$anon$1.assertReachables(CallGraphPlugin.scala:71)
	at ca.uwaterloo.scalacg.util.Assertions$class.doAssertions(Assertions.scala:14)
	at ca.uwaterloo.scalacg.plugin.CallGraphPlugin$$anon$1.doAssertions(CallGraphPlugin.scala:71)
	at ca.uwaterloo.scalacg.plugin.CallGraphGen$CallGraphPhase.run(CallGraphGen.scala:53)
	at scala.tools.nsc.Global$Run.compileUnitsInternal(Global.scala:1583)
	at scala.tools.nsc.Global$Run.compileUnits(Global.scala:1557)
	at scala.tools.nsc.Global$Run.compileSources(Global.scala:1553)
	at scala.tools.nsc.Global$Run.compile(Global.scala:1662)
	at ca.uwaterloo.scalacg.junit.Suite.runTest(Suite.scala:33)
	at ca.uwaterloo.scalacg.junit.SuiteTCA.testClassTypeParam(SuiteTCA.scala:10)
	at sun.reflect.NativeMethodAccessorImpl.invoke0(Native Method)
	at sun.reflect.NativeMethodAccessorImpl.invoke(NativeMethodAccessorImpl.java:39)
	at sun.reflect.DelegatingMethodAccessorImpl.invoke(DelegatingMethodAccessorImpl.java:25)
	at java.lang.reflect.Method.invoke(Method.java:597)
	at org.junit.runners.model.FrameworkMethod$1.runReflectiveCall(FrameworkMethod.java:45)
	at org.junit.internal.runners.model.ReflectiveCallable.run(ReflectiveCallable.java:15)
	at org.junit.runners.model.FrameworkMethod.invokeExplosively(FrameworkMethod.java:42)
	at org.junit.internal.runners.statements.InvokeMethod.evaluate(InvokeMethod.java:20)
	at org.junit.runners.ParentRunner.runLeaf(ParentRunner.java:263)
	at org.junit.runners.BlockJUnit4ClassRunner.runChild(BlockJUnit4ClassRunner.java:68)
	at org.junit.runners.BlockJUnit4ClassRunner.runChild(BlockJUnit4ClassRunner.java:47)
	at org.junit.runners.ParentRunner$3.run(ParentRunner.java:231)
	at org.junit.runners.ParentRunner$1.schedule(ParentRunner.java:60)
	at org.junit.runners.ParentRunner.runChildren(ParentRunner.java:229)
	at org.junit.runners.ParentRunner.access$000(ParentRunner.java:50)
	at org.junit.runners.ParentRunner$2.evaluate(ParentRunner.java:222)
	at org.junit.runners.ParentRunner.run(ParentRunner.java:300)
	at org.eclipse.jdt.internal.junit4.runner.JUnit4TestReference.run(JUnit4TestReference.java:50)
	at org.eclipse.jdt.internal.junit.runner.TestExecution.run(TestExecution.java:38)
	at org.eclipse.jdt.internal.junit.runner.RemoteTestRunner.runTests(RemoteTestRunner.java:467)
	at org.eclipse.jdt.internal.junit.runner.RemoteTestRunner.runTests(RemoteTestRunner.java:683)
	at org.eclipse.jdt.internal.junit.runner.RemoteTestRunner.run(RemoteTestRunner.java:390)
	at org.eclipse.jdt.internal.junit.runner.RemoteTestRunner.main(RemoteTestRunner.java:197)
